mode: set
github.com/zoobzio/cereal/cereal.go:11.61,16.16 3 0
github.com/zoobzio/cereal/cereal.go:16.16,18.3 1 0
github.com/zoobzio/cereal/cereal.go:21.2,22.9 2 0
github.com/zoobzio/cereal/cereal.go:22.9,24.3 1 0
github.com/zoobzio/cereal/cereal.go:27.2,28.16 2 0
github.com/zoobzio/cereal/cereal.go:28.16,30.3 1 0
github.com/zoobzio/cereal/cereal.go:33.2,33.24 1 0
github.com/zoobzio/cereal/cereal.go:37.65,40.16 2 0
github.com/zoobzio/cereal/cereal.go:40.16,42.3 1 0
github.com/zoobzio/cereal/cereal.go:45.2,46.9 2 0
github.com/zoobzio/cereal/cereal.go:46.9,48.3 1 0
github.com/zoobzio/cereal/cereal.go:51.2,52.16 2 0
github.com/zoobzio/cereal/cereal.go:52.16,54.3 1 0
github.com/zoobzio/cereal/cereal.go:57.2,57.40 1 0
github.com/zoobzio/cereal/cereal.go:61.52,64.16 2 0
github.com/zoobzio/cereal/cereal.go:64.16,66.3 1 0
github.com/zoobzio/cereal/cereal.go:69.2,70.9 2 0
github.com/zoobzio/cereal/cereal.go:70.9,72.3 1 0
github.com/zoobzio/cereal/cereal.go:74.2,74.37 1 0
github.com/zoobzio/cereal/cereal.go:78.102,83.16 3 0
github.com/zoobzio/cereal/cereal.go:83.16,85.3 1 0
github.com/zoobzio/cereal/cereal.go:88.2,89.9 2 0
github.com/zoobzio/cereal/cereal.go:89.9,91.3 1 0
github.com/zoobzio/cereal/cereal.go:94.2,95.16 2 0
github.com/zoobzio/cereal/cereal.go:95.16,97.3 1 0
github.com/zoobzio/cereal/cereal.go:100.2,101.16 2 0
github.com/zoobzio/cereal/cereal.go:101.16,103.3 1 0
github.com/zoobzio/cereal/cereal.go:106.2,106.35 1 0
github.com/zoobzio/cereal/cereal.go:110.45,114.22 2 0
github.com/zoobzio/cereal/cereal.go:114.22,116.3 1 0
github.com/zoobzio/cereal/cereal.go:119.2,120.35 2 0
github.com/zoobzio/cereal/cereal.go:120.35,122.10 2 0
github.com/zoobzio/cereal/cereal.go:122.10,124.12 2 0
github.com/zoobzio/cereal/cereal.go:127.3,128.17 2 0
github.com/zoobzio/cereal/cereal.go:128.17,130.4 1 0
github.com/zoobzio/cereal/cereal.go:131.3,131.16 1 0
github.com/zoobzio/cereal/cereal.go:134.2,134.20 1 0
github.com/zoobzio/cereal/cereal.go:134.20,136.3 1 0
github.com/zoobzio/cereal/cereal.go:137.2,137.66 1 0
github.com/zoobzio/cereal/cereal.go:141.44,148.35 4 0
github.com/zoobzio/cereal/cereal.go:148.35,150.10 2 0
github.com/zoobzio/cereal/cereal.go:150.10,151.12 1 0
github.com/zoobzio/cereal/cereal.go:154.3,155.17 2 0
github.com/zoobzio/cereal/cereal.go:155.17,157.4 1 0
github.com/zoobzio/cereal/cereal.go:158.3,158.16 1 0
github.com/zoobzio/cereal/cereal.go:161.2,161.20 1 0
github.com/zoobzio/cereal/cereal.go:161.20,163.3 1 0
github.com/zoobzio/cereal/cereal.go:164.2,164.50 1 0
github.com/zoobzio/cereal/cereal.go:168.34,173.30 2 0
github.com/zoobzio/cereal/cereal.go:173.30,175.3 1 0
github.com/zoobzio/cereal/cereal.go:177.2,177.24 1 0
github.com/zoobzio/cereal/codec.go:23.49,25.2 1 0
github.com/zoobzio/cereal/codec.go:27.52,29.2 1 0
github.com/zoobzio/cereal/codec.go:31.33,33.2 1 0
github.com/zoobzio/cereal/codec.go:38.48,41.38 3 0
github.com/zoobzio/cereal/codec.go:41.38,43.3 1 0
github.com/zoobzio/cereal/codec.go:44.2,44.25 1 0
github.com/zoobzio/cereal/codec.go:47.51,51.2 3 0
github.com/zoobzio/cereal/codec.go:53.32,55.2 1 0
github.com/zoobzio/cereal/codec.go:60.52,62.2 1 0
github.com/zoobzio/cereal/codec.go:64.55,66.2 1 0
github.com/zoobzio/cereal/codec.go:68.36,70.2 1 0
github.com/zoobzio/cereal/codec.go:75.49,77.2 1 0
github.com/zoobzio/cereal/codec.go:79.52,81.2 1 0
github.com/zoobzio/cereal/codec.go:83.33,85.2 1 0
github.com/zoobzio/cereal/codec.go:90.49,92.2 1 0
github.com/zoobzio/cereal/codec.go:94.52,96.2 1 0
github.com/zoobzio/cereal/codec.go:98.33,100.2 1 0
github.com/zoobzio/cereal/codec.go:112.46,114.2 1 0
github.com/zoobzio/cereal/codec.go:117.42,120.2 2 0
github.com/zoobzio/cereal/codec.go:123.31,125.2 1 0
github.com/zoobzio/cereal/provider.go:34.73,40.40 4 0
github.com/zoobzio/cereal/provider.go:40.40,42.17 2 0
github.com/zoobzio/cereal/provider.go:42.17,44.4 1 0
github.com/zoobzio/cereal/provider.go:46.3,47.17 2 0
github.com/zoobzio/cereal/provider.go:47.17,49.4 1 0
github.com/zoobzio/cereal/provider.go:51.3,51.34 1 0
github.com/zoobzio/cereal/provider.go:51.34,53.4 1 0
github.com/zoobzio/cereal/provider.go:57.2,57.37 1 0
github.com/zoobzio/cereal/provider.go:57.37,59.17 2 0
github.com/zoobzio/cereal/provider.go:59.17,61.4 1 0
github.com/zoobzio/cereal/provider.go:62.3,62.14 1 0
github.com/zoobzio/cereal/provider.go:62.14,64.4 1 0
github.com/zoobzio/cereal/provider.go:68.2,68.37 1 0
github.com/zoobzio/cereal/provider.go:68.37,70.17 2 0
github.com/zoobzio/cereal/provider.go:70.17,72.4 1 0
github.com/zoobzio/cereal/provider.go:74.3,75.35 2 0
github.com/zoobzio/cereal/provider.go:75.35,77.4 1 0
github.com/zoobzio/cereal/provider.go:81.2,81.35 1 0
github.com/zoobzio/cereal/provider.go:81.35,85.62 3 0
github.com/zoobzio/cereal/provider.go:85.62,87.4 1 0
github.com/zoobzio/cereal/provider.go:90.3,90.59 1 0
github.com/zoobzio/cereal/provider.go:90.60,92.4 0 0
github.com/zoobzio/cereal/provider.go:94.3,94.42 1 0
github.com/zoobzio/cereal/provider.go:94.42,97.4 2 0
github.com/zoobzio/cereal/provider.go:99.3,99.17 1 0
github.com/zoobzio/cereal/provider.go:99.17,101.4 1 0
github.com/zoobzio/cereal/provider.go:102.3,102.15 1 0
github.com/zoobzio/cereal/provider.go:110.2,110.46 1 0
github.com/zoobzio/cereal/provider.go:110.46,125.28 4 0
github.com/zoobzio/cereal/provider.go:125.28,126.18 1 0
github.com/zoobzio/cereal/provider.go:126.18,128.5 1 0
github.com/zoobzio/cereal/provider.go:132.3,133.28 2 0
github.com/zoobzio/cereal/provider.go:133.28,134.18 1 0
github.com/zoobzio/cereal/provider.go:134.18,136.5 1 0
github.com/zoobzio/cereal/provider.go:137.4,137.41 1 0
github.com/zoobzio/cereal/provider.go:137.41,139.5 1 0
github.com/zoobzio/cereal/provider.go:143.3,144.28 2 0
github.com/zoobzio/cereal/provider.go:144.28,145.18 1 0
github.com/zoobzio/cereal/provider.go:145.18,147.5 1 0
github.com/zoobzio/cereal/provider.go:151.3,152.28 2 0
github.com/zoobzio/cereal/provider.go:152.28,153.36 1 0
github.com/zoobzio/cereal/provider.go:153.36,155.5 1 0
github.com/zoobzio/cereal/provider.go:160.2,160.18 1 0
github.com/zoobzio/cereal/service.go:17.28,21.2 1 0
github.com/zoobzio/cereal/service.go:24.57,28.2 3 0
github.com/zoobzio/cereal/service.go:31.40,35.2 3 0
github.com/zoobzio/cereal/service.go:38.61,43.2 4 0
github.com/zoobzio/cereal/service.go:48.44,50.2 1 0
github.com/zoobzio/cereal/service.go:53.27,55.2 1 0
github.com/zoobzio/cereal/service.go:58.48,60.2 1 0
github.com/zoobzio/cereal/uri.go:22.29,24.16 2 0
github.com/zoobzio/cereal/uri.go:24.16,25.45 1 0
github.com/zoobzio/cereal/uri.go:27.2,27.15 1 0
github.com/zoobzio/cereal/uri.go:31.40,33.35 1 0
github.com/zoobzio/cereal/uri.go:33.35,35.3 1 0
github.com/zoobzio/cereal/uri.go:38.2,39.21 2 0
github.com/zoobzio/cereal/uri.go:39.21,41.3 1 0
github.com/zoobzio/cereal/uri.go:43.2,47.20 3 0
github.com/zoobzio/cereal/uri.go:47.20,49.3 1 0
github.com/zoobzio/cereal/uri.go:52.2,53.47 2 0
github.com/zoobzio/cereal/uri.go:53.47,55.3 1 0
github.com/zoobzio/cereal/uri.go:57.2,60.46 3 0
github.com/zoobzio/cereal/uri.go:60.46,62.3 1 0
github.com/zoobzio/cereal/uri.go:64.2,69.8 1 0
github.com/zoobzio/cereal/uri.go:73.30,75.2 1 0
github.com/zoobzio/cereal/uri.go:78.33,80.2 1 0
github.com/zoobzio/cereal/uri.go:83.30,85.2 1 0
github.com/zoobzio/cereal/uri.go:88.34,90.2 1 0
github.com/zoobzio/cereal/uri.go:93.32,95.2 1 0
github.com/zoobzio/cereal/providers/file/file.go:20.45,22.52 1 1
github.com/zoobzio/cereal/providers/file/file.go:22.52,24.3 1 0
github.com/zoobzio/cereal/providers/file/file.go:27.2,28.16 2 1
github.com/zoobzio/cereal/providers/file/file.go:28.16,30.3 1 0
github.com/zoobzio/cereal/providers/file/file.go:32.2,34.8 1 1
github.com/zoobzio/cereal/providers/file/file.go:38.53,42.2 2 1
github.com/zoobzio/cereal/providers/file/file.go:45.75,49.16 3 1
github.com/zoobzio/cereal/providers/file/file.go:49.16,50.25 1 1
github.com/zoobzio/cereal/providers/file/file.go:50.25,52.4 1 1
github.com/zoobzio/cereal/providers/file/file.go:53.3,53.18 1 0
github.com/zoobzio/cereal/providers/file/file.go:56.2,56.18 1 1
github.com/zoobzio/cereal/providers/file/file.go:60.78,65.48 3 1
github.com/zoobzio/cereal/providers/file/file.go:65.48,67.3 1 0
github.com/zoobzio/cereal/providers/file/file.go:69.2,69.40 1 1
github.com/zoobzio/cereal/providers/file/file.go:73.68,77.16 3 1
github.com/zoobzio/cereal/providers/file/file.go:77.16,78.25 1 0
github.com/zoobzio/cereal/providers/file/file.go:78.25,80.4 1 0
github.com/zoobzio/cereal/providers/file/file.go:81.3,81.13 1 0
github.com/zoobzio/cereal/providers/file/file.go:84.2,84.12 1 1
github.com/zoobzio/cereal/providers/file/file.go:88.76,92.16 3 1
github.com/zoobzio/cereal/providers/file/file.go:92.16,93.25 1 0
github.com/zoobzio/cereal/providers/file/file.go:93.25,95.4 1 0
github.com/zoobzio/cereal/providers/file/file.go:96.3,96.20 1 0
github.com/zoobzio/cereal/providers/file/file.go:99.2,99.18 1 1
github.com/zoobzio/cereal/providers/file/file.go:103.97,106.20 2 0
github.com/zoobzio/cereal/providers/file/file.go:106.20,108.3 1 0
github.com/zoobzio/cereal/providers/file/file.go:110.2,112.16 2 0
github.com/zoobzio/cereal/providers/file/file.go:113.14,114.42 1 0
github.com/zoobzio/cereal/providers/file/file.go:115.14,116.42 1 0
github.com/zoobzio/cereal/providers/file/file.go:117.10,118.37 1 0
github.com/zoobzio/cereal/providers/file/file.go:123.99,127.19 3 0
github.com/zoobzio/cereal/providers/file/file.go:127.19,129.3 1 0
github.com/zoobzio/cereal/providers/file/file.go:130.2,133.16 3 0
github.com/zoobzio/cereal/providers/file/file.go:133.16,135.3 1 0
github.com/zoobzio/cereal/providers/file/file.go:137.2,138.32 2 0
github.com/zoobzio/cereal/providers/file/file.go:138.32,139.20 1 0
github.com/zoobzio/cereal/providers/file/file.go:139.20,140.12 1 0
github.com/zoobzio/cereal/providers/file/file.go:143.3,145.17 3 0
github.com/zoobzio/cereal/providers/file/file.go:145.17,146.12 1 0
github.com/zoobzio/cereal/providers/file/file.go:149.3,149.34 1 0
github.com/zoobzio/cereal/providers/file/file.go:152.2,152.30 1 0
github.com/zoobzio/cereal/providers/file/file.go:156.99,161.58 2 0
github.com/zoobzio/cereal/providers/file/file.go:161.58,163.3 1 0
github.com/zoobzio/cereal/providers/file/file.go:166.2,168.19 3 0
github.com/zoobzio/cereal/providers/file/file.go:168.19,170.3 1 0
github.com/zoobzio/cereal/providers/file/file.go:171.2,176.16 4 0
github.com/zoobzio/cereal/providers/file/file.go:176.16,178.3 1 0
github.com/zoobzio/cereal/providers/file/file.go:180.2,181.32 2 0
github.com/zoobzio/cereal/providers/file/file.go:181.32,184.33 2 0
github.com/zoobzio/cereal/providers/file/file.go:184.33,185.12 1 0
github.com/zoobzio/cereal/providers/file/file.go:188.3,189.17 2 0
github.com/zoobzio/cereal/providers/file/file.go:189.17,190.12 1 0
github.com/zoobzio/cereal/providers/file/file.go:193.3,193.34 1 0
github.com/zoobzio/cereal/providers/file/file.go:196.2,196.30 1 0
github.com/zoobzio/cereal/providers/file/file.go:200.101,204.41 2 1
github.com/zoobzio/cereal/providers/file/file.go:204.41,205.25 1 0
github.com/zoobzio/cereal/providers/file/file.go:205.25,207.4 1 0
github.com/zoobzio/cereal/providers/file/file.go:208.3,208.18 1 0
github.com/zoobzio/cereal/providers/file/file.go:212.2,213.16 2 1
github.com/zoobzio/cereal/providers/file/file.go:213.16,215.3 1 0
github.com/zoobzio/cereal/providers/file/file.go:218.2,219.16 2 1
github.com/zoobzio/cereal/providers/file/file.go:219.16,222.3 2 0
github.com/zoobzio/cereal/providers/file/file.go:225.2,225.48 1 1
github.com/zoobzio/cereal/providers/file/file.go:225.48,227.3 1 1
github.com/zoobzio/cereal/providers/file/file.go:230.2,231.12 2 1
github.com/zoobzio/cereal/providers/file/file.go:231.12,232.7 1 1
github.com/zoobzio/cereal/providers/file/file.go:232.7,233.11 1 1
github.com/zoobzio/cereal/providers/file/file.go:234.39,235.12 1 1
github.com/zoobzio/cereal/providers/file/file.go:235.12,237.6 1 0
github.com/zoobzio/cereal/providers/file/file.go:239.5,239.97 1 1
github.com/zoobzio/cereal/providers/file/file.go:239.97,240.52 1 1
github.com/zoobzio/cereal/providers/file/file.go:240.52,242.7 1 1
github.com/zoobzio/cereal/providers/file/file.go:243.11,243.106 1 1
github.com/zoobzio/cereal/providers/file/file.go:243.106,246.6 1 1
github.com/zoobzio/cereal/providers/file/file.go:247.37,248.12 1 1
github.com/zoobzio/cereal/providers/file/file.go:248.12,250.6 1 1
github.com/zoobzio/cereal/providers/file/file.go:252.5,252.12 1 0
github.com/zoobzio/cereal/providers/file/file.go:253.20,254.11 1 1
github.com/zoobzio/cereal/providers/file/file.go:255.22,256.11 1 0
github.com/zoobzio/cereal/providers/file/file.go:262.2,262.17 1 1
github.com/zoobzio/cereal/providers/file/file.go:262.17,265.3 2 1
github.com/zoobzio/cereal/providers/file/file.go:267.2,267.18 1 1
github.com/zoobzio/cereal/providers/file/file.go:271.89,272.20 1 1
github.com/zoobzio/cereal/providers/file/file.go:272.20,274.3 1 0
github.com/zoobzio/cereal/providers/file/file.go:276.2,279.27 3 1
github.com/zoobzio/cereal/providers/file/file.go:279.27,283.3 3 1
github.com/zoobzio/cereal/providers/file/file.go:285.2,285.24 1 1
github.com/zoobzio/cereal/providers/file/file.go:289.92,290.20 1 1
github.com/zoobzio/cereal/providers/file/file.go:290.20,292.3 1 0
github.com/zoobzio/cereal/providers/file/file.go:294.2,294.28 1 1
github.com/zoobzio/cereal/providers/file/file.go:294.28,297.25 2 0
github.com/zoobzio/cereal/providers/file/file.go:297.25,299.4 1 0
github.com/zoobzio/cereal/providers/file/file.go:300.3,300.16 1 0
github.com/zoobzio/cereal/providers/file/file.go:303.2,305.27 2 1
github.com/zoobzio/cereal/providers/file/file.go:305.27,307.3 1 1
github.com/zoobzio/cereal/providers/file/file.go:309.2,309.15 1 1
github.com/zoobzio/cereal/providers/file/file.go:313.80,314.20 1 1
github.com/zoobzio/cereal/providers/file/file.go:314.20,316.3 1 0
github.com/zoobzio/cereal/providers/file/file.go:318.2,320.27 2 1
github.com/zoobzio/cereal/providers/file/file.go:320.27,322.3 1 1
github.com/zoobzio/cereal/providers/file/file.go:324.2,324.15 1 1
github.com/zoobzio/cereal/providers/file/file.go:328.32,330.2 1 1
github.com/zoobzio/cereal/providers/memory/memory.go:23.22,28.2 1 1
github.com/zoobzio/cereal/providers/memory/memory.go:31.75,37.13 5 1
github.com/zoobzio/cereal/providers/memory/memory.go:37.13,39.3 1 1
github.com/zoobzio/cereal/providers/memory/memory.go:42.2,44.20 3 1
github.com/zoobzio/cereal/providers/memory/memory.go:48.78,61.2 7 1
github.com/zoobzio/cereal/providers/memory/memory.go:64.68,69.40 4 1
github.com/zoobzio/cereal/providers/memory/memory.go:69.40,71.3 1 0
github.com/zoobzio/cereal/providers/memory/memory.go:73.2,78.12 3 1
github.com/zoobzio/cereal/providers/memory/memory.go:82.76,88.2 4 1
github.com/zoobzio/cereal/providers/memory/memory.go:91.97,94.20 2 0
github.com/zoobzio/cereal/providers/memory/memory.go:94.20,96.3 1 0
github.com/zoobzio/cereal/providers/memory/memory.go:98.2,100.16 2 0
github.com/zoobzio/cereal/providers/memory/memory.go:101.14,102.42 1 0
github.com/zoobzio/cereal/providers/memory/memory.go:103.16,104.44 1 0
github.com/zoobzio/cereal/providers/memory/memory.go:105.10,106.37 1 0
github.com/zoobzio/cereal/providers/memory/memory.go:111.99,118.19 5 0
github.com/zoobzio/cereal/providers/memory/memory.go:118.19,120.3 1 0
github.com/zoobzio/cereal/providers/memory/memory.go:121.2,125.33 3 0
github.com/zoobzio/cereal/providers/memory/memory.go:125.33,128.52 2 0
github.com/zoobzio/cereal/providers/memory/memory.go:128.52,131.4 1 0
github.com/zoobzio/cereal/providers/memory/memory.go:135.2,135.29 1 0
github.com/zoobzio/cereal/providers/memory/memory.go:139.101,143.2 1 0
github.com/zoobzio/cereal/providers/memory/memory.go:146.99,154.28 5 1
github.com/zoobzio/cereal/providers/memory/memory.go:154.28,156.3 1 1
github.com/zoobzio/cereal/providers/memory/memory.go:159.2,162.42 2 1
github.com/zoobzio/cereal/providers/memory/memory.go:162.42,166.3 3 1
github.com/zoobzio/cereal/providers/memory/memory.go:169.2,169.17 1 1
github.com/zoobzio/cereal/providers/memory/memory.go:169.17,173.50 3 1
github.com/zoobzio/cereal/providers/memory/memory.go:173.50,176.26 2 1
github.com/zoobzio/cereal/providers/memory/memory.go:176.26,178.5 1 1
github.com/zoobzio/cereal/providers/memory/memory.go:182.2,182.18 1 1
github.com/zoobzio/cereal/providers/memory/memory.go:186.60,187.49 1 1
github.com/zoobzio/cereal/providers/memory/memory.go:187.49,190.18 2 1
github.com/zoobzio/cereal/providers/memory/memory.go:190.18,193.4 2 1
github.com/zoobzio/cereal/providers/memory/memory.go:196.3,196.37 1 1
github.com/zoobzio/cereal/providers/memory/memory.go:196.37,199.4 2 1
github.com/zoobzio/cereal/providers/memory/memory.go:204.87,205.20 1 1
github.com/zoobzio/cereal/providers/memory/memory.go:205.20,207.3 1 1
github.com/zoobzio/cereal/providers/memory/memory.go:209.2,215.27 5 1
github.com/zoobzio/cereal/providers/memory/memory.go:215.27,217.43 2 1
github.com/zoobzio/cereal/providers/memory/memory.go:217.43,222.4 3 1
github.com/zoobzio/cereal/providers/memory/memory.go:222.9,224.4 1 1
github.com/zoobzio/cereal/providers/memory/memory.go:227.2,227.24 1 1
github.com/zoobzio/cereal/providers/memory/memory.go:231.90,232.20 1 1
github.com/zoobzio/cereal/providers/memory/memory.go:232.20,234.3 1 1
github.com/zoobzio/cereal/providers/memory/memory.go:236.2,236.28 1 1
github.com/zoobzio/cereal/providers/memory/memory.go:236.28,239.25 2 1
github.com/zoobzio/cereal/providers/memory/memory.go:239.25,241.4 1 1
github.com/zoobzio/cereal/providers/memory/memory.go:242.3,242.16 1 1
github.com/zoobzio/cereal/providers/memory/memory.go:245.2,250.27 4 1
github.com/zoobzio/cereal/providers/memory/memory.go:250.27,259.3 5 1
github.com/zoobzio/cereal/providers/memory/memory.go:261.2,261.15 1 1
github.com/zoobzio/cereal/providers/memory/memory.go:265.78,266.20 1 1
github.com/zoobzio/cereal/providers/memory/memory.go:266.20,268.3 1 1
github.com/zoobzio/cereal/providers/memory/memory.go:270.2,275.27 4 1
github.com/zoobzio/cereal/providers/memory/memory.go:275.27,277.40 2 1
github.com/zoobzio/cereal/providers/memory/memory.go:277.40,281.4 2 1
github.com/zoobzio/cereal/providers/memory/memory.go:281.9,283.4 1 1
github.com/zoobzio/cereal/providers/memory/memory.go:286.2,286.15 1 1
github.com/zoobzio/cereal/providers/memory/memory.go:290.34,297.2 5 1
